2022-12-14 22:41:04,376 INFO  [Log] ** 
2022-12-14 22:41:04,376 INFO  [Log] ** 
2022-12-14 22:41:04,380 INFO  [Log] ############   My first test case is Login test ################ 
2022-12-14 22:41:04,380 INFO  [Log] ** 
2022-12-14 22:41:04,380 INFO  [Log] ** 
2022-12-14 22:41:04,380 INFO  [Log] My Login test case going on 
2022-12-14 22:41:04,380 INFO  [Log] My test case id warning and migth failed 
2022-12-14 22:41:07,819 INFO  [Log] My case id about to complete 
2022-12-14 22:41:07,819 INFO  [Log] ################################## 
2022-12-14 22:41:07,819 INFO  [Log] ########################################## 
2022-12-14 22:41:07,819 INFO  [Log] ############   This is my login test again ################ 
2022-12-14 22:41:07,819 INFO  [Log] ########################## 
2022-12-14 22:41:07,819 INFO  [Log] ########################################## 
2022-12-14 22:48:38,294 INFO  [Log] ** 
2022-12-14 22:48:38,294 INFO  [Log] ** 
2022-12-14 22:48:38,299 INFO  [Log] ############   My first test case is Login test ################ 
2022-12-14 22:48:38,299 INFO  [Log] ** 
2022-12-14 22:48:38,299 INFO  [Log] ** 
2022-12-14 22:48:38,299 INFO  [Log] My Login test case going on 
2022-12-14 22:48:38,299 INFO  [Log] My test case id warning and migth failed 
2022-12-14 22:48:47,629 INFO  [Log] My case id about to complete 
2022-12-14 22:48:47,630 INFO  [Log] ################################## 
2022-12-14 22:48:47,631 INFO  [Log] ########################################## 
2022-12-14 22:48:47,631 INFO  [Log] ############   This is my login test again ################ 
2022-12-14 22:48:47,631 INFO  [Log] ########################## 
2022-12-14 22:48:47,631 INFO  [Log] ########################################## 
2022-12-14 22:52:52,533 INFO  [Log] ** 
2022-12-14 22:52:52,533 INFO  [Log] ** 
2022-12-14 22:52:52,538 INFO  [Log] ############   My first test case is Login test ################ 
2022-12-14 22:52:52,538 INFO  [Log] ** 
2022-12-14 22:52:52,538 INFO  [Log] ** 
2022-12-14 22:52:52,538 INFO  [Log] My Login test case going on 
2022-12-14 22:52:52,538 INFO  [Log] My test case id warning and migth failed 
2022-12-14 22:52:59,330 INFO  [Log] My case id about to complete 
2022-12-14 22:52:59,330 INFO  [Log] ################################## 
2022-12-14 22:52:59,330 INFO  [Log] ########################################## 
2022-12-14 22:52:59,331 INFO  [Log] ############   This is my login test again ################ 
2022-12-14 22:52:59,331 INFO  [Log] ########################## 
2022-12-14 22:52:59,331 INFO  [Log] ########################################## 
2022-12-14 23:01:04,115 INFO  [Log] ** 
2022-12-14 23:01:04,115 INFO  [Log] ** 
2022-12-14 23:01:04,120 INFO  [Log] ############   My first test case is Login test ################ 
2022-12-14 23:01:04,120 INFO  [Log] ** 
2022-12-14 23:01:04,120 INFO  [Log] ** 
2022-12-14 23:01:04,120 INFO  [Log] My Login test case going on 
2022-12-14 23:01:04,120 INFO  [Log] My test case id warning and migth failed 
2022-12-14 23:01:07,407 INFO  [Log] My case id about to complete 
2022-12-14 23:01:07,408 INFO  [Log] ################################## 
2022-12-14 23:01:07,408 INFO  [Log] ########################################## 
2022-12-14 23:01:07,409 INFO  [Log] ############   This is my login test again ################ 
2022-12-14 23:01:07,409 INFO  [Log] ########################## 
2022-12-14 23:01:07,409 INFO  [Log] ########################################## 
2022-12-14 23:10:45,076 INFO  [Log] ** 
2022-12-14 23:10:45,077 INFO  [Log] ** 
2022-12-14 23:10:45,083 INFO  [Log] ############   My first test case is Login test ################ 
2022-12-14 23:10:45,083 INFO  [Log] ** 
2022-12-14 23:10:45,083 INFO  [Log] ** 
2022-12-14 23:10:45,083 INFO  [Log] My Login test case going on 
2022-12-14 23:10:45,083 INFO  [Log] My test case id warning and migth failed 
2022-12-14 23:10:54,978 INFO  [Log] My case id about to complete 
2022-12-14 23:10:54,979 INFO  [Log] ################################## 
2022-12-14 23:10:54,979 INFO  [Log] ########################################## 
2022-12-14 23:10:54,979 INFO  [Log] ############   This is my login test again ################ 
2022-12-14 23:10:54,979 INFO  [Log] ########################## 
2022-12-14 23:10:54,979 INFO  [Log] ########################################## 
2022-12-14 23:11:41,258 INFO  [Log] ** 
2022-12-14 23:11:41,259 INFO  [Log] ** 
2022-12-14 23:11:41,265 INFO  [Log] ############   My first test case is Login test ################ 
2022-12-14 23:11:41,265 INFO  [Log] ** 
2022-12-14 23:11:41,265 INFO  [Log] ** 
2022-12-14 23:11:41,265 INFO  [Log] My Login test case going on 
2022-12-14 23:11:41,265 INFO  [Log] My test case id warning and migth failed 
2022-12-14 23:11:51,201 INFO  [Log] My case id about to complete 
2022-12-14 23:11:51,202 INFO  [Log] ################################## 
2022-12-14 23:11:51,202 INFO  [Log] ########################################## 
2022-12-14 23:11:51,202 INFO  [Log] ############   This is my login test again ################ 
2022-12-14 23:11:51,202 INFO  [Log] ########################## 
2022-12-14 23:11:51,202 INFO  [Log] ########################################## 
2022-12-14 23:16:27,694 INFO  [Log] ** 
2022-12-14 23:16:27,694 INFO  [Log] ** 
2022-12-14 23:16:27,698 INFO  [Log] ############   My first test case is Login test ################ 
2022-12-14 23:16:27,699 INFO  [Log] ** 
2022-12-14 23:16:27,699 INFO  [Log] ** 
2022-12-14 23:16:27,699 INFO  [Log] My Login test case going on 
2022-12-14 23:16:27,699 INFO  [Log] My test case id warning and migth failed 
2022-12-14 23:16:36,518 INFO  [Log] My case id about to complete 
2022-12-14 23:16:36,519 INFO  [Log] ################################## 
2022-12-14 23:16:36,520 INFO  [Log] ########################################## 
2022-12-14 23:16:36,520 INFO  [Log] ############   This is my login test again ################ 
2022-12-14 23:16:36,520 INFO  [Log] ########################## 
2022-12-14 23:16:36,520 INFO  [Log] ########################################## 
2022-12-14 23:24:19,293 INFO  [Log] ** 
2022-12-14 23:24:19,293 INFO  [Log] ** 
2022-12-14 23:24:19,297 INFO  [Log] ############   My first test case is Login test ################ 
2022-12-14 23:24:19,297 INFO  [Log] ** 
2022-12-14 23:24:19,297 INFO  [Log] ** 
2022-12-14 23:24:19,297 INFO  [Log] My login test is going on 
2022-12-14 23:24:19,297 INFO  [Log] My test case might be failed 
2022-12-14 23:24:25,985 INFO  [Log] My test case is about to complete 
2022-12-14 23:24:25,986 INFO  [Log] ################################## 
2022-12-14 23:24:25,987 INFO  [Log] ########################################## 
2022-12-14 23:24:25,987 INFO  [Log] ############   This is my login test again ################ 
2022-12-14 23:24:25,987 INFO  [Log] ########################## 
2022-12-14 23:24:25,987 INFO  [Log] ########################################## 
2022-12-14 23:28:13,069 INFO  [Log] ** 
2022-12-14 23:28:13,069 INFO  [Log] ** 
2022-12-14 23:28:13,073 INFO  [Log] ############   My first test case is Login test ################ 
2022-12-14 23:28:13,073 INFO  [Log] ** 
2022-12-14 23:28:13,073 INFO  [Log] ** 
2022-12-14 23:28:13,073 INFO  [Log] My login test is going on 
2022-12-14 23:28:13,073 INFO  [Log] My test case might be failed 
2022-12-14 23:28:19,457 INFO  [Log] My test case is about to complete 
2022-12-14 23:28:19,457 INFO  [Log] ################################## 
2022-12-14 23:28:19,457 INFO  [Log] ########################################## 
2022-12-14 23:28:19,458 INFO  [Log] ############   This is my login test again ################ 
2022-12-14 23:28:19,458 INFO  [Log] ########################## 
2022-12-14 23:28:19,458 INFO  [Log] ########################################## 
2022-12-14 23:31:18,264 INFO  [Log] ** 
2022-12-14 23:31:18,264 INFO  [Log] ** 
2022-12-14 23:31:18,268 INFO  [Log] ############   My first test case is Login test ################ 
2022-12-14 23:31:18,268 INFO  [Log] ** 
2022-12-14 23:31:18,268 INFO  [Log] ** 
2022-12-14 23:31:18,268 INFO  [Log] My login test is going on 
2022-12-14 23:31:18,268 INFO  [Log] My test case might be failed 
2022-12-14 23:31:24,653 INFO  [Log] My test case is about to complete 
2022-12-14 23:31:24,654 INFO  [Log] ################################## 
2022-12-14 23:31:24,654 INFO  [Log] ########################################## 
2022-12-14 23:31:24,655 INFO  [Log] ############   This is my login test again ################ 
2022-12-14 23:31:24,655 INFO  [Log] ########################## 
2022-12-14 23:31:24,656 INFO  [Log] ########################################## 
2022-12-14 23:42:20,378 INFO  [Log] ** 
2022-12-14 23:42:20,378 INFO  [Log] ** 
2022-12-14 23:42:20,381 INFO  [Log] ############   My first test case is Login test ################ 
2022-12-14 23:42:20,381 INFO  [Log] ** 
2022-12-14 23:42:20,381 INFO  [Log] ** 
2022-12-14 23:42:20,381 INFO  [Log] My login test is going on 
2022-12-14 23:42:20,381 INFO  [Log] My test case might be failed 
2022-12-14 23:42:29,392 INFO  [Log] My test case is about to complete 
2022-12-14 23:42:29,392 INFO  [Log] ################################## 
2022-12-14 23:42:29,392 INFO  [Log] ########################################## 
2022-12-14 23:42:29,393 INFO  [Log] ############   This is my login test again ################ 
2022-12-14 23:42:29,393 INFO  [Log] ########################## 
2022-12-14 23:42:29,393 INFO  [Log] ########################################## 
2022-12-14 23:45:54,212 INFO  [Log] ** 
2022-12-14 23:45:54,212 INFO  [Log] ** 
2022-12-14 23:45:54,212 INFO  [Log] ############   My first test case is Login test ################ 
2022-12-14 23:45:54,212 INFO  [Log] ** 
2022-12-14 23:45:54,212 INFO  [Log] ** 
2022-12-14 23:45:54,212 INFO  [Log] My login test is going on 
2022-12-14 23:45:54,212 INFO  [Log] My test case might be failed 
2022-12-14 23:46:02,672 INFO  [Log] My test case is about to complete 
2022-12-14 23:46:02,672 INFO  [Log] ################################## 
2022-12-14 23:46:02,672 INFO  [Log] ########################################## 
2022-12-14 23:46:02,672 INFO  [Log] ############   This is my login test again ################ 
2022-12-14 23:46:02,672 INFO  [Log] ########################## 
2022-12-14 23:46:02,672 INFO  [Log] ########################################## 
2022-12-14 23:48:22,869 INFO  [Log] ** 
2022-12-14 23:48:22,869 INFO  [Log] ** 
2022-12-14 23:48:22,869 INFO  [Log] ############   My first test case is Login test ################ 
2022-12-14 23:48:22,869 INFO  [Log] ** 
2022-12-14 23:48:22,869 INFO  [Log] ** 
2022-12-14 23:48:22,869 INFO  [Log] My login test is going on 
2022-12-14 23:48:22,869 INFO  [Log] My test case might be failed 
2022-12-14 23:48:31,203 INFO  [Log] My test case is about to complete 
2022-12-14 23:48:31,203 INFO  [Log] ################################## 
2022-12-14 23:48:31,203 INFO  [Log] ########################################## 
2022-12-14 23:48:31,203 INFO  [Log] ############   This is my login test again ################ 
2022-12-14 23:48:31,203 INFO  [Log] ########################## 
2022-12-14 23:48:31,203 INFO  [Log] ########################################## 
2022-12-14 23:51:04,765 INFO  [Log] ** 
2022-12-14 23:51:04,765 INFO  [Log] ** 
2022-12-14 23:51:04,765 INFO  [Log] ############   My first test case is Login test ################ 
2022-12-14 23:51:04,765 INFO  [Log] ** 
2022-12-14 23:51:04,765 INFO  [Log] ** 
2022-12-14 23:51:04,765 INFO  [Log] My login test is going on 
2022-12-14 23:51:04,765 INFO  [Log] My test case might be failed 
2022-12-14 23:51:13,122 INFO  [Log] My test case is about to complete 
2022-12-14 23:51:13,122 INFO  [Log] ################################## 
2022-12-14 23:51:13,122 INFO  [Log] ########################################## 
2022-12-14 23:51:13,122 INFO  [Log] ############   This is my login test again ################ 
2022-12-14 23:51:13,122 INFO  [Log] ########################## 
2022-12-14 23:51:13,122 INFO  [Log] ########################################## 
2022-12-14 23:52:31,517 INFO  [Log] ** 
2022-12-14 23:52:31,517 INFO  [Log] ** 
2022-12-14 23:52:31,517 INFO  [Log] ############   My first test case is Login test ################ 
2022-12-14 23:52:31,517 INFO  [Log] ** 
2022-12-14 23:52:31,517 INFO  [Log] ** 
2022-12-14 23:52:31,517 INFO  [Log] My login test is going on 
2022-12-14 23:52:31,517 INFO  [Log] My test case might be failed 
2022-12-14 23:52:39,739 INFO  [Log] My test case is about to complete 
2022-12-14 23:52:39,739 INFO  [Log] ################################## 
2022-12-14 23:52:39,739 INFO  [Log] ########################################## 
2022-12-14 23:52:39,739 INFO  [Log] ############   This is my login test again ################ 
2022-12-14 23:52:39,739 INFO  [Log] ########################## 
2022-12-14 23:52:39,739 INFO  [Log] ########################################## 
2022-12-14 23:54:41,881 INFO  [Log] ** 
2022-12-14 23:54:41,881 INFO  [Log] ** 
2022-12-14 23:54:41,881 INFO  [Log] ############   My first test case is Login test ################ 
2022-12-14 23:54:41,881 INFO  [Log] ** 
2022-12-14 23:54:41,881 INFO  [Log] ** 
2022-12-14 23:54:41,881 INFO  [Log] My login test is going on 
2022-12-14 23:54:41,881 INFO  [Log] My test case might be failed 
2022-12-14 23:54:50,496 INFO  [Log] My test case is about to complete 
2022-12-14 23:54:50,497 INFO  [Log] ################################## 
2022-12-14 23:54:50,497 INFO  [Log] ########################################## 
2022-12-14 23:54:50,497 INFO  [Log] ############   This is my login test again ################ 
2022-12-14 23:54:50,497 INFO  [Log] ########################## 
2022-12-14 23:54:50,497 INFO  [Log] ########################################## 
2022-12-14 23:58:37,609 INFO  [Log] ** 
2022-12-14 23:58:37,609 INFO  [Log] ** 
2022-12-14 23:58:37,609 INFO  [Log] ############   My first test case is Login test ################ 
2022-12-14 23:58:37,609 INFO  [Log] ** 
2022-12-14 23:58:37,609 INFO  [Log] ** 
2022-12-14 23:58:37,609 INFO  [Log] My login test is going on 
2022-12-14 23:58:37,609 INFO  [Log] My test case might be failed 
2022-12-14 23:58:46,040 INFO  [Log] My test case is about to complete 
2022-12-14 23:58:46,040 INFO  [Log] ################################## 
2022-12-14 23:58:46,040 INFO  [Log] ########################################## 
2022-12-14 23:58:46,041 INFO  [Log] ############   This is my login test again ################ 
2022-12-14 23:58:46,041 INFO  [Log] ########################## 
2022-12-14 23:58:46,041 INFO  [Log] ########################################## 
2022-12-15 00:04:04,110 INFO  [Log] ** 
2022-12-15 00:04:04,110 INFO  [Log] ** 
2022-12-15 00:04:04,111 INFO  [Log] ############   My first test case is Login test ################ 
2022-12-15 00:04:04,111 INFO  [Log] ** 
2022-12-15 00:04:04,111 INFO  [Log] ** 
2022-12-15 00:04:04,111 INFO  [Log] My login test is going on 
2022-12-15 00:04:04,111 INFO  [Log] My test case might be failed 
2022-12-15 00:04:10,055 INFO  [Log] My test case is about to complete 
2022-12-15 00:04:10,056 INFO  [Log] ################################## 
2022-12-15 00:04:10,056 INFO  [Log] ########################################## 
2022-12-15 00:04:10,056 INFO  [Log] ############   This is my login test again ################ 
2022-12-15 00:04:10,056 INFO  [Log] ########################## 
2022-12-15 00:04:10,056 INFO  [Log] ########################################## 
2022-12-15 00:04:42,430 INFO  [Log] ** 
2022-12-15 00:04:42,431 INFO  [Log] ** 
2022-12-15 00:04:42,431 INFO  [Log] ############   My first test case is Login test ################ 
2022-12-15 00:04:42,431 INFO  [Log] ** 
2022-12-15 00:04:42,431 INFO  [Log] ** 
2022-12-15 00:04:42,431 INFO  [Log] My login test is going on 
2022-12-15 00:04:42,431 INFO  [Log] My test case might be failed 
2022-12-15 00:04:59,374 INFO  [Log] My test case is about to complete 
2022-12-15 00:04:59,375 INFO  [Log] ################################## 
2022-12-15 00:04:59,375 INFO  [Log] ########################################## 
2022-12-15 00:04:59,375 INFO  [Log] ############   This is my login test again ################ 
2022-12-15 00:04:59,375 INFO  [Log] ########################## 
2022-12-15 00:04:59,375 INFO  [Log] ########################################## 
2022-12-15 00:16:20,243 INFO  [Log] ** 
2022-12-15 00:16:20,243 INFO  [Log] ** 
2022-12-15 00:16:20,243 INFO  [Log] ############   My first test case is Login test ################ 
2022-12-15 00:16:20,243 INFO  [Log] ** 
2022-12-15 00:16:20,243 INFO  [Log] ** 
2022-12-15 00:16:20,243 INFO  [Log] My login test is going on 
2022-12-15 00:16:20,243 INFO  [Log] My test case might be failed 
2022-12-15 00:16:28,870 INFO  [Log] My test case is about to complete 
2022-12-15 00:16:28,870 INFO  [Log] ################################## 
2022-12-15 00:16:28,870 INFO  [Log] ########################################## 
2022-12-15 00:16:28,870 INFO  [Log] ############   This is my login test again ################ 
2022-12-15 00:16:28,870 INFO  [Log] ########################## 
2022-12-15 00:16:28,870 INFO  [Log] ########################################## 
2022-12-15 00:24:50,509 INFO  [Log] ** 
2022-12-15 00:24:50,509 INFO  [Log] ** 
2022-12-15 00:24:50,509 INFO  [Log] ############   My first test case is Login test ################ 
2022-12-15 00:24:50,509 INFO  [Log] ** 
2022-12-15 00:24:50,509 INFO  [Log] ** 
2022-12-15 00:24:50,509 INFO  [Log] My login test is going on 
2022-12-15 00:24:50,509 INFO  [Log] My test case might be failed 
2022-12-15 00:25:05,658 INFO  [Log] My test case is about to complete 
2022-12-15 00:25:05,659 INFO  [Log] ################################## 
2022-12-15 00:25:05,659 INFO  [Log] ########################################## 
2022-12-15 00:25:05,659 INFO  [Log] ############   This is my login test again ################ 
2022-12-15 00:25:05,659 INFO  [Log] ########################## 
2022-12-15 00:25:05,659 INFO  [Log] ########################################## 
2022-12-15 00:32:37,305 INFO  [Log] ** 
2022-12-15 00:32:37,305 INFO  [Log] ** 
2022-12-15 00:32:37,305 INFO  [Log] ############   My first test case is Login test ################ 
2022-12-15 00:32:37,305 INFO  [Log] ** 
2022-12-15 00:32:37,305 INFO  [Log] ** 
2022-12-15 00:32:37,305 INFO  [Log] My login test is going on 
2022-12-15 00:32:37,305 INFO  [Log] My test case might be failed 
2022-12-15 00:32:46,086 INFO  [Log] My test case is about to complete 
2022-12-15 00:32:46,086 INFO  [Log] ################################## 
2022-12-15 00:32:46,086 INFO  [Log] ########################################## 
2022-12-15 00:32:46,086 INFO  [Log] ############   This is my login test again ################ 
2022-12-15 00:32:46,086 INFO  [Log] ########################## 
2022-12-15 00:32:46,086 INFO  [Log] ########################################## 
2022-12-15 00:40:35,240 INFO  [Log] ** 
2022-12-15 00:40:35,241 INFO  [Log] ** 
2022-12-15 00:40:35,241 INFO  [Log] ############   My first test case is Login test ################ 
2022-12-15 00:40:35,241 INFO  [Log] ** 
2022-12-15 00:40:35,241 INFO  [Log] ** 
2022-12-15 00:40:35,241 INFO  [Log] My login test is going on 
2022-12-15 00:40:35,241 INFO  [Log] My test case might be failed 
2022-12-15 00:40:43,955 INFO  [Log] My test case is about to complete 
2022-12-15 00:40:43,955 INFO  [Log] ################################## 
2022-12-15 00:40:43,955 INFO  [Log] ########################################## 
2022-12-15 00:40:43,955 INFO  [Log] ############   This is my login test again ################ 
2022-12-15 00:40:43,955 INFO  [Log] ########################## 
2022-12-15 00:40:43,955 INFO  [Log] ########################################## 
2022-12-15 00:45:03,463 INFO  [Log] ** 
2022-12-15 00:45:03,463 INFO  [Log] ** 
2022-12-15 00:45:03,463 INFO  [Log] ############   My first test case is Login test ################ 
2022-12-15 00:45:03,463 INFO  [Log] ** 
2022-12-15 00:45:03,463 INFO  [Log] ** 
2022-12-15 00:45:03,463 INFO  [Log] My login test is going on 
2022-12-15 00:45:03,463 INFO  [Log] My test case might be failed 
2022-12-15 00:45:11,672 INFO  [Log] My test case is about to complete 
2022-12-15 00:45:11,672 INFO  [Log] ################################## 
2022-12-15 00:45:11,673 INFO  [Log] ########################################## 
2022-12-15 00:45:11,673 INFO  [Log] ############   This is my login test again ################ 
2022-12-15 00:45:11,673 INFO  [Log] ########################## 
2022-12-15 00:45:11,673 INFO  [Log] ########################################## 
2022-12-15 00:45:38,723 INFO  [Log] ** 
2022-12-15 00:45:38,723 INFO  [Log] ** 
2022-12-15 00:45:38,723 INFO  [Log] ############   My first test case is Login test ################ 
2022-12-15 00:45:38,723 INFO  [Log] ** 
2022-12-15 00:45:38,723 INFO  [Log] ** 
2022-12-15 00:45:38,723 INFO  [Log] My login test is going on 
2022-12-15 00:45:38,723 INFO  [Log] My test case might be failed 
2022-12-15 00:45:48,823 INFO  [Log] My test case is about to complete 
2022-12-15 00:45:48,823 INFO  [Log] ################################## 
2022-12-15 00:45:48,823 INFO  [Log] ########################################## 
2022-12-15 00:45:48,823 INFO  [Log] ############   This is my login test again ################ 
2022-12-15 00:45:48,823 INFO  [Log] ########################## 
2022-12-15 00:45:48,823 INFO  [Log] ########################################## 
2022-12-15 19:10:15,595 INFO  [Log] ** 
2022-12-15 19:10:15,595 INFO  [Log] ** 
2022-12-15 19:10:15,595 INFO  [Log] ############   My first test case is Login test ################ 
2022-12-15 19:10:15,595 INFO  [Log] ** 
2022-12-15 19:10:15,595 INFO  [Log] ** 
2022-12-15 19:10:15,595 INFO  [Log] My login test is going on 
2022-12-15 19:10:15,595 INFO  [Log] My test case might be failed 
2022-12-15 19:10:23,868 INFO  [Log] My test case is about to complete 
2022-12-15 19:10:23,868 INFO  [Log] ################################## 
2022-12-15 19:10:23,868 INFO  [Log] ########################################## 
2022-12-15 19:10:23,868 INFO  [Log] ############   This is my login test again ################ 
2022-12-15 19:10:23,868 INFO  [Log] ########################## 
2022-12-15 19:10:23,868 INFO  [Log] ########################################## 
2022-12-15 19:13:18,834 INFO  [Log] ** 
2022-12-15 19:13:18,834 INFO  [Log] ** 
2022-12-15 19:13:18,834 INFO  [Log] ############   My first test case is Login test ################ 
2022-12-15 19:13:18,834 INFO  [Log] ** 
2022-12-15 19:13:18,834 INFO  [Log] ** 
2022-12-15 19:13:18,834 INFO  [Log] My login test is going on 
2022-12-15 19:13:18,834 INFO  [Log] My test case might be failed 
2022-12-15 19:13:28,134 INFO  [Log] My test case is about to complete 
2022-12-15 19:13:28,134 INFO  [Log] ################################## 
2022-12-15 19:13:28,134 INFO  [Log] ########################################## 
2022-12-15 19:13:28,134 INFO  [Log] ############   This is my login test again ################ 
2022-12-15 19:13:28,134 INFO  [Log] ########################## 
2022-12-15 19:13:28,134 INFO  [Log] ########################################## 
2022-12-16 13:22:57,792 INFO  [Log] ** 
2022-12-16 13:22:57,792 INFO  [Log] ** 
2022-12-16 13:22:57,792 INFO  [Log] ############   My first test case is Login test ################ 
2022-12-16 13:22:57,792 INFO  [Log] ** 
2022-12-16 13:22:57,792 INFO  [Log] ** 
2022-12-16 13:22:57,792 INFO  [Log] My login test is going on 
2022-12-16 13:22:57,792 INFO  [Log] My test case might be failed 
2022-12-16 13:23:06,599 INFO  [Log] My test case is about to complete 
2022-12-16 13:23:06,599 INFO  [Log] ################################## 
2022-12-16 13:23:06,599 INFO  [Log] ########################################## 
2022-12-16 13:23:06,599 INFO  [Log] ############   This is my login test again ################ 
2022-12-16 13:23:06,599 INFO  [Log] ########################## 
2022-12-16 13:23:06,599 INFO  [Log] ########################################## 
2022-12-16 13:30:02,684 INFO  [Log] ** 
2022-12-16 13:30:02,684 INFO  [Log] ** 
2022-12-16 13:30:02,684 INFO  [Log] ############   My first test case is Login test ################ 
2022-12-16 13:30:02,684 INFO  [Log] ** 
2022-12-16 13:30:02,684 INFO  [Log] ** 
2022-12-16 13:30:02,684 INFO  [Log] My login test is going on 
2022-12-16 13:30:02,684 INFO  [Log] My test case might be failed 
2022-12-16 13:30:10,426 INFO  [Log] My test case is about to complete 
2022-12-16 13:30:10,426 INFO  [Log] ################################## 
2022-12-16 13:30:10,426 INFO  [Log] ########################################## 
2022-12-16 13:30:10,426 INFO  [Log] ############   This is my login test again ################ 
2022-12-16 13:30:10,426 INFO  [Log] ########################## 
2022-12-16 13:30:10,426 INFO  [Log] ########################################## 
2022-12-16 13:31:59,421 INFO  [Log] ** 
2022-12-16 13:31:59,421 INFO  [Log] ** 
2022-12-16 13:31:59,421 INFO  [Log] ############   My first test case is Login test ################ 
2022-12-16 13:31:59,421 INFO  [Log] ** 
2022-12-16 13:31:59,421 INFO  [Log] ** 
2022-12-16 13:31:59,421 INFO  [Log] My login test is going on 
2022-12-16 13:31:59,421 INFO  [Log] My test case might be failed 
2022-12-16 13:32:17,007 INFO  [Log] My test case is about to complete 
2022-12-16 13:32:17,007 INFO  [Log] ################################## 
2022-12-16 13:32:17,007 INFO  [Log] ########################################## 
2022-12-16 13:32:17,007 INFO  [Log] ############   This is my login test again ################ 
2022-12-16 13:32:17,007 INFO  [Log] ########################## 
2022-12-16 13:32:17,007 INFO  [Log] ########################################## 
2022-12-16 13:34:25,885 INFO  [Log] ** 
2022-12-16 13:34:25,885 INFO  [Log] ** 
2022-12-16 13:34:25,885 INFO  [Log] ############   My first test case is Login test ################ 
2022-12-16 13:34:25,885 INFO  [Log] ** 
2022-12-16 13:34:25,885 INFO  [Log] ** 
2022-12-16 13:34:25,885 INFO  [Log] My login test is going on 
2022-12-16 13:34:25,885 INFO  [Log] My test case might be failed 
2022-12-16 13:34:45,966 INFO  [Log] My test case is about to complete 
2022-12-16 13:34:45,966 INFO  [Log] ################################## 
2022-12-16 13:34:45,966 INFO  [Log] ########################################## 
2022-12-16 13:34:45,966 INFO  [Log] ############   This is my login test again ################ 
2022-12-16 13:34:45,966 INFO  [Log] ########################## 
2022-12-16 13:34:45,966 INFO  [Log] ########################################## 
2022-12-16 13:35:45,869 INFO  [Log] ** 
2022-12-16 13:35:45,869 INFO  [Log] ** 
2022-12-16 13:35:45,869 INFO  [Log] ############   My first test case is Login test ################ 
2022-12-16 13:35:45,869 INFO  [Log] ** 
2022-12-16 13:35:45,870 INFO  [Log] ** 
2022-12-16 13:35:45,870 INFO  [Log] My login test is going on 
2022-12-16 13:35:45,870 INFO  [Log] My test case might be failed 
2022-12-16 13:36:03,499 INFO  [Log] My test case is about to complete 
2022-12-16 13:36:03,499 INFO  [Log] ################################## 
2022-12-16 13:36:03,499 INFO  [Log] ########################################## 
2022-12-16 13:36:03,499 INFO  [Log] ############   This is my login test again ################ 
2022-12-16 13:36:03,499 INFO  [Log] ########################## 
2022-12-16 13:36:03,499 INFO  [Log] ########################################## 
2022-12-16 13:42:49,381 INFO  [Log] ** 
2022-12-16 13:42:49,381 INFO  [Log] ** 
2022-12-16 13:42:49,381 INFO  [Log] ############   My first test case is Login test ################ 
2022-12-16 13:42:49,381 INFO  [Log] ** 
2022-12-16 13:42:49,381 INFO  [Log] ** 
2022-12-16 13:42:49,381 INFO  [Log] My login test is going on 
2022-12-16 13:42:49,381 INFO  [Log] My test case might be failed 
2022-12-16 13:43:21,015 INFO  [Log] My test case is about to complete 
2022-12-16 13:43:21,016 INFO  [Log] ################################## 
2022-12-16 13:43:21,016 INFO  [Log] ########################################## 
2022-12-16 13:43:21,017 INFO  [Log] ############   This is my login test again ################ 
2022-12-16 13:43:21,017 INFO  [Log] ########################## 
2022-12-16 13:43:21,017 INFO  [Log] ########################################## 
2022-12-16 13:46:18,317 INFO  [Log] ** 
2022-12-16 13:46:18,317 INFO  [Log] ** 
2022-12-16 13:46:18,317 INFO  [Log] ############   My first test case is Login test ################ 
2022-12-16 13:46:18,317 INFO  [Log] ** 
2022-12-16 13:46:18,317 INFO  [Log] ** 
2022-12-16 13:46:18,317 INFO  [Log] My login test is going on 
2022-12-16 13:46:18,317 INFO  [Log] My test case might be failed 
2022-12-16 13:46:49,670 INFO  [Log] My test case is about to complete 
2022-12-16 13:46:49,670 INFO  [Log] ################################## 
2022-12-16 13:46:49,670 INFO  [Log] ########################################## 
2022-12-16 13:46:49,670 INFO  [Log] ############   This is my login test again ################ 
2022-12-16 13:46:49,670 INFO  [Log] ########################## 
2022-12-16 13:46:49,670 INFO  [Log] ########################################## 
2022-12-16 13:48:17,940 INFO  [Log] ** 
2022-12-16 13:48:17,940 INFO  [Log] ** 
2022-12-16 13:48:17,940 INFO  [Log] ############   My first test case is Login test ################ 
2022-12-16 13:48:17,940 INFO  [Log] ** 
2022-12-16 13:48:17,940 INFO  [Log] ** 
2022-12-16 13:48:17,940 INFO  [Log] My login test is going on 
2022-12-16 13:48:17,940 INFO  [Log] My test case might be failed 
2022-12-16 13:48:35,131 INFO  [Log] My test case is about to complete 
2022-12-16 13:48:35,132 INFO  [Log] ################################## 
2022-12-16 13:48:35,132 INFO  [Log] ########################################## 
2022-12-16 13:48:35,132 INFO  [Log] ############   This is my login test again ################ 
2022-12-16 13:48:35,132 INFO  [Log] ########################## 
2022-12-16 13:48:35,132 INFO  [Log] ########################################## 
2022-12-16 13:49:55,381 INFO  [Log] ** 
2022-12-16 13:49:55,381 INFO  [Log] ** 
2022-12-16 13:49:55,382 INFO  [Log] ############   My first test case is Login test ################ 
2022-12-16 13:49:55,382 INFO  [Log] ** 
2022-12-16 13:49:55,382 INFO  [Log] ** 
2022-12-16 13:49:55,382 INFO  [Log] My login test is going on 
2022-12-16 13:49:55,382 INFO  [Log] My test case might be failed 
2022-12-16 13:50:28,055 INFO  [Log] My test case is about to complete 
2022-12-16 13:50:28,056 INFO  [Log] ################################## 
2022-12-16 13:50:28,056 INFO  [Log] ########################################## 
2022-12-16 13:50:28,056 INFO  [Log] ############   This is my login test again ################ 
2022-12-16 13:50:28,056 INFO  [Log] ########################## 
2022-12-16 13:50:28,056 INFO  [Log] ########################################## 
